<?xml version="1.0" encoding="UTF-8"?>
<!-- Generated by org.testng.reporters.JUnitXMLReporter -->
<testsuite ignored="0" hostname="DESKTOP-8RBFSP4" failures="0" tests="5" name="LoginTests" time="30.173" errors="0" timestamp="2025-07-23T17:22:10 IST">
  <testcase classname="com.ninja.login.Tcl001" name="verifyWithValidCredentials" time="0.982"/>
  <testcase classname="com.ninja.login.TCL002" name="verifywithinvalidpassword" time="0.827"/>
  <testcase classname="com.ninja.login.TCL003" name="verifywithinvalidemail" time="1.194"/>
  <testcase classname="com.ninja.login.TCL004" name="verifywithNOCREDENTAILS" time="1.014"/>
  <testcase classname="com.ninja.login.Tcl005" name="verifywithONLYEMIALFIELD" time="0.882"/>
</testsuite> <!-- LoginTests -->
