<?xml version="1.0" encoding="UTF-8"?>
<!-- Generated by org.testng.reporters.JUnitXMLReporter -->
<testsuite ignored="0" hostname="DESKTOP-8RBFSP4" failures="0" tests="5" name="LoginTests" time="30.137" errors="0" timestamp="2025-07-23T18:07:45 IST">
  <testcase classname="com.ninja.login.Tcl001" name="verifyWithValidCredentials" time="0.968"/>
  <testcase classname="com.ninja.login.TCL002" name="verifywithinvalidpassword" time="1.046"/>
  <testcase classname="com.ninja.login.TCL003" name="verifywithinvalidemail" time="0.895"/>
  <testcase classname="com.ninja.login.TCL004" name="verifywithNOCREDENTAILS" time="0.96"/>
  <testcase classname="com.ninja.login.Tcl005" name="verifywithONLYEMIALFIELD" time="0.878"/>
</testsuite> <!-- LoginTests -->
