<?xml version="1.0" encoding="UTF-8"?>
<!-- Generated by org.testng.reporters.JUnitXMLReporter -->
<testsuite ignored="0" hostname="DESKTOP-8RBFSP4" failures="0" tests="7" name="RegisterTests" time="35.209" errors="0" timestamp="2025-07-23T17:22:45 IST">
  <testcase classname="com.ninja.register.TC007" name="wrongpasswordmatch" time="0.996"/>
  <testcase classname="com.ninja.register.Tc008" name="verifyexistingemail" time="1.512"/>
  <testcase classname="com.ninja.register.Tc1" name="registerAccount" time="1.345"/>
  <testcase classname="com.ninja.register.Tc2" name="VerifyRegisterall" time="1.489"/>
  <testcase classname="com.ninja.register.Tcr_004" name="verifyregisterwithoutdetails" time="0.752"/>
  <testcase classname="com.ninja.register.TC_005" name="verifyregisterwithnewsletter" time="1.986"/>
  <testcase classname="com.ninja.register.TC_006" name="verifyregisterwithnonewsletter" time="1.41"/>
</testsuite> <!-- RegisterTests -->
