<?xml version="1.0" encoding="UTF-8"?>
<!-- Generated by org.testng.reporters.JUnitXMLReporter -->
<testsuite ignored="0" hostname="DESKTOP-8RBFSP4" failures="0" tests="7" name="RegisterTests" time="33.693" errors="0" timestamp="2025-07-23T18:08:18 IST">
  <testcase classname="com.ninja.register.TC007" name="wrongpasswordmatch" time="1.019"/>
  <testcase classname="com.ninja.register.Tc008" name="verifyexistingemail" time="1.041"/>
  <testcase classname="com.ninja.register.Tc1" name="registerAccount" time="1.526"/>
  <testcase classname="com.ninja.register.Tc2" name="VerifyRegisterall" time="1.283"/>
  <testcase classname="com.ninja.register.Tcr_004" name="verifyregisterwithoutdetails" time="1.092"/>
  <testcase classname="com.ninja.register.TC_005" name="verifyregisterwithnewsletter" time="1.68"/>
  <testcase classname="com.ninja.register.TC_006" name="verifyregisterwithnonewsletter" time="1.238"/>
</testsuite> <!-- RegisterTests -->
