<?xml version="1.0" encoding="UTF-8"?>
<testng-results ignored="0" total="1" passed="1" failed="0" skipped="0">
  <reporter-output>
  </reporter-output>
  <suite started-at="2025-07-19T14:04:09 IST" name="Default suite" finished-at="2025-07-19T14:04:12 IST" duration-ms="3332">
    <groups>
    </groups>
    <test started-at="2025-07-19T14:04:09 IST" name="Default test" finished-at="2025-07-19T14:04:12 IST" duration-ms="3332">
      <class name="com.ninja.register.VerifyRegisteronlymandatoryfileds">
        <test-method signature="VerifyRegister()[pri:0, instance:com.ninja.register.VerifyRegisteronlymandatoryfileds@747ddf94]" started-at="2025-07-19T14:04:09 IST" name="VerifyRegister" finished-at="2025-07-19T14:04:12 IST" duration-ms="3297" status="PASS">
          <reporter-output>
          </reporter-output>
        </test-method> <!-- VerifyRegister -->
      </class> <!-- com.ninja.register.VerifyRegisteronlymandatoryfileds -->
    </test> <!-- Default test -->
  </suite> <!-- Default suite -->
</testng-results>
